

*******************************************************************************
Mon Jan  6 12:07:46 2025


FIT:    data read from "error.txt" u 1:2
        format = x:z
        x range restricted to [-5.00000 : -2.00000]
        #datapoints = 29
        residuals are weighted equally (unit weight)

function used for fitting: f(x)
	f(x) = A + B*x
fitted parameters initialized with current variable values

iter      chisq       delta/lim  lambda   A             B            
   0 1.1626848334e+02   0.00e+00  2.63e+00    1.000000e+00   1.000000e+00
   4 6.4929553387e-02  -2.13e-03  2.63e-04   -1.141892e+00   9.596035e-01

After 4 iterations the fit converged.
final sum of squares of residuals : 0.0649296
rel. change during last iteration : -2.12945e-08

degrees of freedom    (FIT_NDF)                        : 27
rms of residuals      (FIT_STDFIT) = sqrt(WSSR/ndf)    : 0.0490387
variance of residuals (reduced chisquare) = WSSR/ndf   : 0.0024048

Final set of parameters            Asymptotic Standard Error
=======================            ==========================
A               = -1.14189         +/- 0.03705      (3.245%)
B               = 0.959603         +/- 0.01033      (1.077%)

correlation matrix of the fit parameters:
                A      B      
A               1.000 
B               0.969  1.000 


*******************************************************************************
Mon Jan  6 12:07:46 2025


FIT:    data read from "error.txt" u 1:3
        format = x:z
        x range restricted to [-5.00000 : -2.00000]
        #datapoints = 29
        residuals are weighted equally (unit weight)

function used for fitting: g(x)
	g(x) = C + D*x
fitted parameters initialized with current variable values

iter      chisq       delta/lim  lambda   C             D            
   0 2.2125391357e+02   0.00e+00  2.63e+00    1.000000e+00   1.000000e+00
   4 1.5946704947e-03  -1.97e-05  2.63e-04    8.355183e-01   1.725529e+00

After 4 iterations the fit converged.
final sum of squares of residuals : 0.00159467
rel. change during last iteration : -1.96969e-10

degrees of freedom    (FIT_NDF)                        : 27
rms of residuals      (FIT_STDFIT) = sqrt(WSSR/ndf)    : 0.00768517
variance of residuals (reduced chisquare) = WSSR/ndf   : 5.90619e-05

Final set of parameters            Asymptotic Standard Error
=======================            ==========================
C               = 0.835518         +/- 0.005807     (0.695%)
D               = 1.72553          +/- 0.001619     (0.09382%)

correlation matrix of the fit parameters:
                C      D      
C               1.000 
D               0.969  1.000 


*******************************************************************************
Mon Jan  6 12:07:46 2025


FIT:    data read from "error.txt" u 1:4
        format = x:z
        x range restricted to [-5.00000 : -2.00000]
        #datapoints = 29
        residuals are weighted equally (unit weight)

function used for fitting: h(x)
	h(x) = E + F*x
fitted parameters initialized with current variable values



*******************************************************************************
Mon Jan  6 12:11:13 2025


FIT:    data read from "error.txt" u 1:2
        format = x:z
        x range restricted to [-5.00000 : -2.00000]
        #datapoints = 29
        residuals are weighted equally (unit weight)

function used for fitting: f(x)
	f(x) = A + B*x
fitted parameters initialized with current variable values

iter      chisq       delta/lim  lambda   A             B            
   0 1.1626848334e+02   0.00e+00  2.63e+00    1.000000e+00   1.000000e+00
   4 6.4929553387e-02  -2.13e-03  2.63e-04   -1.141892e+00   9.596035e-01

After 4 iterations the fit converged.
final sum of squares of residuals : 0.0649296
rel. change during last iteration : -2.12945e-08

degrees of freedom    (FIT_NDF)                        : 27
rms of residuals      (FIT_STDFIT) = sqrt(WSSR/ndf)    : 0.0490387
variance of residuals (reduced chisquare) = WSSR/ndf   : 0.0024048

Final set of parameters            Asymptotic Standard Error
=======================            ==========================
A               = -1.14189         +/- 0.03705      (3.245%)
B               = 0.959603         +/- 0.01033      (1.077%)

correlation matrix of the fit parameters:
                A      B      
A               1.000 
B               0.969  1.000 


*******************************************************************************
Mon Jan  6 12:11:13 2025


FIT:    data read from "error.txt" u 1:3
        format = x:z
        x range restricted to [-5.00000 : -2.00000]
        #datapoints = 29
        residuals are weighted equally (unit weight)

function used for fitting: g(x)
	g(x) = C + D*x
fitted parameters initialized with current variable values

iter      chisq       delta/lim  lambda   C             D            
   0 2.2125391357e+02   0.00e+00  2.63e+00    1.000000e+00   1.000000e+00
   4 1.5946704947e-03  -1.97e-05  2.63e-04    8.355183e-01   1.725529e+00

After 4 iterations the fit converged.
final sum of squares of residuals : 0.00159467
rel. change during last iteration : -1.96969e-10

degrees of freedom    (FIT_NDF)                        : 27
rms of residuals      (FIT_STDFIT) = sqrt(WSSR/ndf)    : 0.00768517
variance of residuals (reduced chisquare) = WSSR/ndf   : 5.90619e-05

Final set of parameters            Asymptotic Standard Error
=======================            ==========================
C               = 0.835518         +/- 0.005807     (0.695%)
D               = 1.72553          +/- 0.001619     (0.09382%)

correlation matrix of the fit parameters:
                C      D      
C               1.000 
D               0.969  1.000 


*******************************************************************************
Mon Jan  6 12:11:13 2025


FIT:    data read from "error.txt" u 1:4
        format = x:z
        x range restricted to [-5.00000 : -2.00000]
        #datapoints = 29
        residuals are weighted equally (unit weight)

function used for fitting: h(x)
	h(x) = E + F*x
fitted parameters initialized with current variable values

iter      chisq       delta/lim  lambda   E             F            
   0 5.7840018172e+03   0.00e+00  2.63e+00    1.000000e+00   1.000000e+00
   4 1.1691433546e-02  -7.04e-02  2.63e-04    4.900850e+00   5.982362e+00

After 4 iterations the fit converged.
final sum of squares of residuals : 0.0116914
rel. change during last iteration : -7.04143e-07

degrees of freedom    (FIT_NDF)                        : 27
rms of residuals      (FIT_STDFIT) = sqrt(WSSR/ndf)    : 0.020809
variance of residuals (reduced chisquare) = WSSR/ndf   : 0.000433016

Final set of parameters            Asymptotic Standard Error
=======================            ==========================
E               = 4.90085          +/- 0.01572      (0.3208%)
F               = 5.98236          +/- 0.004384     (0.07327%)

correlation matrix of the fit parameters:
                E      F      
E               1.000 
F               0.969  1.000 


*******************************************************************************
Mon Jan  6 12:11:17 2025


FIT:    data read from "error.txt" u 1:2
        format = x:z
        x range restricted to [-5.00000 : -2.00000]
        #datapoints = 29
        residuals are weighted equally (unit weight)

function used for fitting: f(x)
	f(x) = A + B*x
fitted parameters initialized with current variable values

iter      chisq       delta/lim  lambda   A             B            
   0 1.1626848334e+02   0.00e+00  2.63e+00    1.000000e+00   1.000000e+00
   4 6.4929553387e-02  -2.13e-03  2.63e-04   -1.141892e+00   9.596035e-01

After 4 iterations the fit converged.
final sum of squares of residuals : 0.0649296
rel. change during last iteration : -2.12945e-08

degrees of freedom    (FIT_NDF)                        : 27
rms of residuals      (FIT_STDFIT) = sqrt(WSSR/ndf)    : 0.0490387
variance of residuals (reduced chisquare) = WSSR/ndf   : 0.0024048

Final set of parameters            Asymptotic Standard Error
=======================            ==========================
A               = -1.14189         +/- 0.03705      (3.245%)
B               = 0.959603         +/- 0.01033      (1.077%)

correlation matrix of the fit parameters:
                A      B      
A               1.000 
B               0.969  1.000 


*******************************************************************************
Mon Jan  6 12:11:17 2025


FIT:    data read from "error.txt" u 1:3
        format = x:z
        x range restricted to [-5.00000 : -2.00000]
        #datapoints = 29
        residuals are weighted equally (unit weight)

function used for fitting: g(x)
	g(x) = C + D*x
fitted parameters initialized with current variable values

iter      chisq       delta/lim  lambda   C             D            
   0 2.2125391357e+02   0.00e+00  2.63e+00    1.000000e+00   1.000000e+00
   4 1.5946704947e-03  -1.97e-05  2.63e-04    8.355183e-01   1.725529e+00

After 4 iterations the fit converged.
final sum of squares of residuals : 0.00159467
rel. change during last iteration : -1.96969e-10

degrees of freedom    (FIT_NDF)                        : 27
rms of residuals      (FIT_STDFIT) = sqrt(WSSR/ndf)    : 0.00768517
variance of residuals (reduced chisquare) = WSSR/ndf   : 5.90619e-05

Final set of parameters            Asymptotic Standard Error
=======================            ==========================
C               = 0.835518         +/- 0.005807     (0.695%)
D               = 1.72553          +/- 0.001619     (0.09382%)

correlation matrix of the fit parameters:
                C      D      
C               1.000 
D               0.969  1.000 


*******************************************************************************
Mon Jan  6 12:11:17 2025


FIT:    data read from "error.txt" u 1:4
        format = x:z
        x range restricted to [-5.00000 : -2.00000]
        #datapoints = 29
        residuals are weighted equally (unit weight)

function used for fitting: h(x)
	h(x) = E + F*x
fitted parameters initialized with current variable values

iter      chisq       delta/lim  lambda   E             F            
   0 5.7840018172e+03   0.00e+00  2.63e+00    1.000000e+00   1.000000e+00
   4 1.1691433546e-02  -7.04e-02  2.63e-04    4.900850e+00   5.982362e+00

After 4 iterations the fit converged.
final sum of squares of residuals : 0.0116914
rel. change during last iteration : -7.04143e-07

degrees of freedom    (FIT_NDF)                        : 27
rms of residuals      (FIT_STDFIT) = sqrt(WSSR/ndf)    : 0.020809
variance of residuals (reduced chisquare) = WSSR/ndf   : 0.000433016

Final set of parameters            Asymptotic Standard Error
=======================            ==========================
E               = 4.90085          +/- 0.01572      (0.3208%)
F               = 5.98236          +/- 0.004384     (0.07327%)

correlation matrix of the fit parameters:
                E      F      
E               1.000 
F               0.969  1.000 


*******************************************************************************
Mon Jan  6 12:12:23 2025


FIT:    data read from "error.txt" u 1:2
        format = x:z
        x range restricted to [-5.00000 : -2.00000]
        #datapoints = 29
        residuals are weighted equally (unit weight)

function used for fitting: f(x)
	f(x) = A + B*x
fitted parameters initialized with current variable values

iter      chisq       delta/lim  lambda   A             B            
   0 1.1626848334e+02   0.00e+00  2.63e+00    1.000000e+00   1.000000e+00
   4 6.4929553387e-02  -2.13e-03  2.63e-04   -1.141892e+00   9.596035e-01

After 4 iterations the fit converged.
final sum of squares of residuals : 0.0649296
rel. change during last iteration : -2.12945e-08

degrees of freedom    (FIT_NDF)                        : 27
rms of residuals      (FIT_STDFIT) = sqrt(WSSR/ndf)    : 0.0490387
variance of residuals (reduced chisquare) = WSSR/ndf   : 0.0024048

Final set of parameters            Asymptotic Standard Error
=======================            ==========================
A               = -1.14189         +/- 0.03705      (3.245%)
B               = 0.959603         +/- 0.01033      (1.077%)

correlation matrix of the fit parameters:
                A      B      
A               1.000 
B               0.969  1.000 


*******************************************************************************
Mon Jan  6 12:12:23 2025


FIT:    data read from "error.txt" u 1:3
        format = x:z
        x range restricted to [-6.00000 : -1.00000]
        #datapoints = 47
        residuals are weighted equally (unit weight)

function used for fitting: g(x)
	g(x) = C + D*x
fitted parameters initialized with current variable values

iter      chisq       delta/lim  lambda   C             D            
   0 3.9423887450e+02   0.00e+00  2.75e+00    1.000000e+00   1.000000e+00
   4 1.7357698946e-01  -2.72e-08  2.75e-04    7.087754e-01   1.698054e+00

After 4 iterations the fit converged.
final sum of squares of residuals : 0.173577
rel. change during last iteration : -2.71516e-13

degrees of freedom    (FIT_NDF)                        : 45
rms of residuals      (FIT_STDFIT) = sqrt(WSSR/ndf)    : 0.0621069
variance of residuals (reduced chisquare) = WSSR/ndf   : 0.00385727

Final set of parameters            Asymptotic Standard Error
=======================            ==========================
C               = 0.708775         +/- 0.02383      (3.362%)
D               = 1.69805          +/- 0.006339     (0.3733%)

correlation matrix of the fit parameters:
                C      D      
C               1.000 
D               0.925  1.000 


*******************************************************************************
Mon Jan  6 12:12:23 2025


FIT:    data read from "error.txt" u 1:4
        format = x:z
        x range restricted to [-6.00000 : -1.00000]
        #datapoints = 47
        residuals are weighted equally (unit weight)

function used for fitting: h(x)
	h(x) = E + F*x
fitted parameters initialized with current variable values

iter      chisq       delta/lim  lambda   E             F            
   0 1.0880907306e+04   0.00e+00  2.75e+00    1.000000e+00   1.000000e+00
   4 4.0903706413e+00  -1.64e-06  2.75e-04    4.258942e+00   5.835172e+00

After 4 iterations the fit converged.
final sum of squares of residuals : 4.09037
rel. change during last iteration : -1.63875e-11

degrees of freedom    (FIT_NDF)                        : 45
rms of residuals      (FIT_STDFIT) = sqrt(WSSR/ndf)    : 0.301492
variance of residuals (reduced chisquare) = WSSR/ndf   : 0.0908971

Final set of parameters            Asymptotic Standard Error
=======================            ==========================
E               = 4.25894          +/- 0.1157       (2.716%)
F               = 5.83517          +/- 0.03077      (0.5273%)

correlation matrix of the fit parameters:
                E      F      
E               1.000 
F               0.925  1.000 


*******************************************************************************
Mon Jan  6 12:13:12 2025


FIT:    data read from "error.txt" u 1:2
        format = x:z
        x range restricted to [-5.00000 : -2.00000]
        #datapoints = 29
        residuals are weighted equally (unit weight)

function used for fitting: f(x)
	f(x) = A + B*x
fitted parameters initialized with current variable values

iter      chisq       delta/lim  lambda   A             B            
   0 1.1626848334e+02   0.00e+00  2.63e+00    1.000000e+00   1.000000e+00
   4 6.4929553387e-02  -2.13e-03  2.63e-04   -1.141892e+00   9.596035e-01

After 4 iterations the fit converged.
final sum of squares of residuals : 0.0649296
rel. change during last iteration : -2.12945e-08

degrees of freedom    (FIT_NDF)                        : 27
rms of residuals      (FIT_STDFIT) = sqrt(WSSR/ndf)    : 0.0490387
variance of residuals (reduced chisquare) = WSSR/ndf   : 0.0024048

Final set of parameters            Asymptotic Standard Error
=======================            ==========================
A               = -1.14189         +/- 0.03705      (3.245%)
B               = 0.959603         +/- 0.01033      (1.077%)

correlation matrix of the fit parameters:
                A      B      
A               1.000 
B               0.969  1.000 


*******************************************************************************
Mon Jan  6 12:13:12 2025


FIT:    data read from "error.txt" u 1:3
        format = x:z
        x range restricted to [-6.00000 : -1.00000]
        #datapoints = 47
        residuals are weighted equally (unit weight)

function used for fitting: g(x)
	g(x) = C + D*x
fitted parameters initialized with current variable values

iter      chisq       delta/lim  lambda   C             D            
   0 3.9423887450e+02   0.00e+00  2.75e+00    1.000000e+00   1.000000e+00
   4 1.7357698946e-01  -2.72e-08  2.75e-04    7.087754e-01   1.698054e+00

After 4 iterations the fit converged.
final sum of squares of residuals : 0.173577
rel. change during last iteration : -2.71516e-13

degrees of freedom    (FIT_NDF)                        : 45
rms of residuals      (FIT_STDFIT) = sqrt(WSSR/ndf)    : 0.0621069
variance of residuals (reduced chisquare) = WSSR/ndf   : 0.00385727

Final set of parameters            Asymptotic Standard Error
=======================            ==========================
C               = 0.708775         +/- 0.02383      (3.362%)
D               = 1.69805          +/- 0.006339     (0.3733%)

correlation matrix of the fit parameters:
                C      D      
C               1.000 
D               0.925  1.000 


*******************************************************************************
Mon Jan  6 12:13:12 2025


FIT:    data read from "error.txt" u 1:4
        format = x:z
        x range restricted to [-6.00000 : -1.00000]
        #datapoints = 47
        residuals are weighted equally (unit weight)

function used for fitting: h(x)
	h(x) = E + F*x
fitted parameters initialized with current variable values

iter      chisq       delta/lim  lambda   E             F            
   0 1.0880907306e+04   0.00e+00  2.75e+00    1.000000e+00   1.000000e+00
   4 4.0903706413e+00  -1.64e-06  2.75e-04    4.258942e+00   5.835172e+00

After 4 iterations the fit converged.
final sum of squares of residuals : 4.09037
rel. change during last iteration : -1.63875e-11

degrees of freedom    (FIT_NDF)                        : 45
rms of residuals      (FIT_STDFIT) = sqrt(WSSR/ndf)    : 0.301492
variance of residuals (reduced chisquare) = WSSR/ndf   : 0.0908971

Final set of parameters            Asymptotic Standard Error
=======================            ==========================
E               = 4.25894          +/- 0.1157       (2.716%)
F               = 5.83517          +/- 0.03077      (0.5273%)

correlation matrix of the fit parameters:
                E      F      
E               1.000 
F               0.925  1.000 


*******************************************************************************
Mon Jan  6 12:13:28 2025


FIT:    data read from "error.txt" u 1:2
        format = x:z
        x range restricted to [-5.00000 : -2.00000]
        #datapoints = 29
        residuals are weighted equally (unit weight)

function used for fitting: f(x)
	f(x) = A + B*x
fitted parameters initialized with current variable values

iter      chisq       delta/lim  lambda   A             B            
   0 1.1626848334e+02   0.00e+00  2.63e+00    1.000000e+00   1.000000e+00
   4 6.4929553387e-02  -2.13e-03  2.63e-04   -1.141892e+00   9.596035e-01

After 4 iterations the fit converged.
final sum of squares of residuals : 0.0649296
rel. change during last iteration : -2.12945e-08

degrees of freedom    (FIT_NDF)                        : 27
rms of residuals      (FIT_STDFIT) = sqrt(WSSR/ndf)    : 0.0490387
variance of residuals (reduced chisquare) = WSSR/ndf   : 0.0024048

Final set of parameters            Asymptotic Standard Error
=======================            ==========================
A               = -1.14189         +/- 0.03705      (3.245%)
B               = 0.959603         +/- 0.01033      (1.077%)

correlation matrix of the fit parameters:
                A      B      
A               1.000 
B               0.969  1.000 


*******************************************************************************
Mon Jan  6 12:13:28 2025


FIT:    data read from "error.txt" u 1:3
        format = x:z
        x range restricted to [-6.00000 : -1.00000]
        #datapoints = 47
        residuals are weighted equally (unit weight)

function used for fitting: g(x)
	g(x) = C + D*x
fitted parameters initialized with current variable values

iter      chisq       delta/lim  lambda   C             D            
   0 3.9423887450e+02   0.00e+00  2.75e+00    1.000000e+00   1.000000e+00
   4 1.7357698946e-01  -2.72e-08  2.75e-04    7.087754e-01   1.698054e+00

After 4 iterations the fit converged.
final sum of squares of residuals : 0.173577
rel. change during last iteration : -2.71516e-13

degrees of freedom    (FIT_NDF)                        : 45
rms of residuals      (FIT_STDFIT) = sqrt(WSSR/ndf)    : 0.0621069
variance of residuals (reduced chisquare) = WSSR/ndf   : 0.00385727

Final set of parameters            Asymptotic Standard Error
=======================            ==========================
C               = 0.708775         +/- 0.02383      (3.362%)
D               = 1.69805          +/- 0.006339     (0.3733%)

correlation matrix of the fit parameters:
                C      D      
C               1.000 
D               0.925  1.000 


*******************************************************************************
Mon Jan  6 12:13:28 2025


FIT:    data read from "error.txt" u 1:4
        format = x:z
        x range restricted to [-6.00000 : -1.00000]
        #datapoints = 47
        residuals are weighted equally (unit weight)

function used for fitting: h(x)
	h(x) = E + F*x
fitted parameters initialized with current variable values

iter      chisq       delta/lim  lambda   E             F            
   0 1.0880907306e+04   0.00e+00  2.75e+00    1.000000e+00   1.000000e+00
   4 4.0903706413e+00  -1.64e-06  2.75e-04    4.258942e+00   5.835172e+00

After 4 iterations the fit converged.
final sum of squares of residuals : 4.09037
rel. change during last iteration : -1.63875e-11

degrees of freedom    (FIT_NDF)                        : 45
rms of residuals      (FIT_STDFIT) = sqrt(WSSR/ndf)    : 0.301492
variance of residuals (reduced chisquare) = WSSR/ndf   : 0.0908971

Final set of parameters            Asymptotic Standard Error
=======================            ==========================
E               = 4.25894          +/- 0.1157       (2.716%)
F               = 5.83517          +/- 0.03077      (0.5273%)

correlation matrix of the fit parameters:
                E      F      
E               1.000 
F               0.925  1.000 


*******************************************************************************
Mon Jan  6 12:18:37 2025


FIT:    data read from "error.txt" u 1:2
        format = x:z
        x range restricted to [-5.00000 : -2.00000]
        #datapoints = 29
        residuals are weighted equally (unit weight)

function used for fitting: f(x)
	f(x) = A + B*x
fitted parameters initialized with current variable values

iter      chisq       delta/lim  lambda   A             B            
   0 1.1626848334e+02   0.00e+00  2.63e+00    1.000000e+00   1.000000e+00
   4 6.4929553387e-02  -2.13e-03  2.63e-04   -1.141892e+00   9.596035e-01

After 4 iterations the fit converged.
final sum of squares of residuals : 0.0649296
rel. change during last iteration : -2.12945e-08

degrees of freedom    (FIT_NDF)                        : 27
rms of residuals      (FIT_STDFIT) = sqrt(WSSR/ndf)    : 0.0490387
variance of residuals (reduced chisquare) = WSSR/ndf   : 0.0024048

Final set of parameters            Asymptotic Standard Error
=======================            ==========================
A               = -1.14189         +/- 0.03705      (3.245%)
B               = 0.959603         +/- 0.01033      (1.077%)

correlation matrix of the fit parameters:
                A      B      
A               1.000 
B               0.969  1.000 


*******************************************************************************
Mon Jan  6 12:18:37 2025


FIT:    data read from "error.txt" u 1:3
        format = x:z
        x range restricted to [-6.00000 : -1.00000]
        #datapoints = 47
        residuals are weighted equally (unit weight)

function used for fitting: g(x)
	g(x) = C + D*x
fitted parameters initialized with current variable values

iter      chisq       delta/lim  lambda   C             D            
   0 3.9423887450e+02   0.00e+00  2.75e+00    1.000000e+00   1.000000e+00
   4 1.7357698946e-01  -2.72e-08  2.75e-04    7.087754e-01   1.698054e+00

After 4 iterations the fit converged.
final sum of squares of residuals : 0.173577
rel. change during last iteration : -2.71516e-13

degrees of freedom    (FIT_NDF)                        : 45
rms of residuals      (FIT_STDFIT) = sqrt(WSSR/ndf)    : 0.0621069
variance of residuals (reduced chisquare) = WSSR/ndf   : 0.00385727

Final set of parameters            Asymptotic Standard Error
=======================            ==========================
C               = 0.708775         +/- 0.02383      (3.362%)
D               = 1.69805          +/- 0.006339     (0.3733%)

correlation matrix of the fit parameters:
                C      D      
C               1.000 
D               0.925  1.000 


*******************************************************************************
Mon Jan  6 12:18:37 2025


FIT:    data read from "error.txt" u 1:4
        format = x:z
        x range restricted to [-6.00000 : -1.00000]
        #datapoints = 47
        residuals are weighted equally (unit weight)

function used for fitting: h(x)
	h(x) = E + F*x
fitted parameters initialized with current variable values

iter      chisq       delta/lim  lambda   E             F            
   0 1.0880907306e+04   0.00e+00  2.75e+00    1.000000e+00   1.000000e+00
   4 4.0903706413e+00  -1.64e-06  2.75e-04    4.258942e+00   5.835172e+00

After 4 iterations the fit converged.
final sum of squares of residuals : 4.09037
rel. change during last iteration : -1.63875e-11

degrees of freedom    (FIT_NDF)                        : 45
rms of residuals      (FIT_STDFIT) = sqrt(WSSR/ndf)    : 0.301492
variance of residuals (reduced chisquare) = WSSR/ndf   : 0.0908971

Final set of parameters            Asymptotic Standard Error
=======================            ==========================
E               = 4.25894          +/- 0.1157       (2.716%)
F               = 5.83517          +/- 0.03077      (0.5273%)

correlation matrix of the fit parameters:
                E      F      
E               1.000 
F               0.925  1.000 


*******************************************************************************
Mon Jan  6 12:18:43 2025


FIT:    data read from "error.txt" u 1:2
        format = x:z
        x range restricted to [-5.00000 : -2.00000]
        #datapoints = 29
        residuals are weighted equally (unit weight)

function used for fitting: f(x)
	f(x) = A + B*x
fitted parameters initialized with current variable values

iter      chisq       delta/lim  lambda   A             B            
   0 1.8134744570e+03   0.00e+00  2.63e+00    1.000000e+00   1.000000e+00
   4 3.4428778759e-01  -9.44e-04  2.63e-04   -2.629309e+00   2.209567e+00

After 4 iterations the fit converged.
final sum of squares of residuals : 0.344288
rel. change during last iteration : -9.44165e-09

degrees of freedom    (FIT_NDF)                        : 27
rms of residuals      (FIT_STDFIT) = sqrt(WSSR/ndf)    : 0.112922
variance of residuals (reduced chisquare) = WSSR/ndf   : 0.0127514

Final set of parameters            Asymptotic Standard Error
=======================            ==========================
A               = -2.62931         +/- 0.08532      (3.245%)
B               = 2.20957          +/- 0.02379      (1.077%)

correlation matrix of the fit parameters:
                A      B      
A               1.000 
B               0.969  1.000 


*******************************************************************************
Mon Jan  6 12:18:43 2025


FIT:    data read from "error.txt" u 1:3
        format = x:z
        x range restricted to [-6.00000 : -1.00000]
        #datapoints = 47
        residuals are weighted equally (unit weight)

function used for fitting: g(x)
	g(x) = C + D*x
fitted parameters initialized with current variable values

iter      chisq       delta/lim  lambda   C             D            
   0 5.0425787328e+03   0.00e+00  2.75e+00    1.000000e+00   1.000000e+00
   4 9.2030698655e-01  -6.73e-07  2.75e-04    1.632017e+00   3.909913e+00

After 4 iterations the fit converged.
final sum of squares of residuals : 0.920307
rel. change during last iteration : -6.72522e-12

degrees of freedom    (FIT_NDF)                        : 45
rms of residuals      (FIT_STDFIT) = sqrt(WSSR/ndf)    : 0.143008
variance of residuals (reduced chisquare) = WSSR/ndf   : 0.0204513

Final set of parameters            Asymptotic Standard Error
=======================            ==========================
C               = 1.63202          +/- 0.05487      (3.362%)
D               = 3.90991          +/- 0.0146       (0.3733%)

correlation matrix of the fit parameters:
                C      D      
C               1.000 
D               0.925  1.000 


*******************************************************************************
Mon Jan  6 12:18:43 2025


FIT:    data read from "error.txt" u 1:4
        format = x:z
        x range restricted to [-6.00000 : -1.00000]
        #datapoints = 47
        residuals are weighted equally (unit weight)

function used for fitting: h(x)
	h(x) = E + F*x
fitted parameters initialized with current variable values

iter      chisq       delta/lim  lambda   E             F            
   0 1.0880907306e+04   0.00e+00  2.75e+00    1.000000e+00   1.000000e+00
   4 4.0903706413e+00  -1.64e-06  2.75e-04    4.258942e+00   5.835172e+00

After 4 iterations the fit converged.
final sum of squares of residuals : 4.09037
rel. change during last iteration : -1.63875e-11

degrees of freedom    (FIT_NDF)                        : 45
rms of residuals      (FIT_STDFIT) = sqrt(WSSR/ndf)    : 0.301492
variance of residuals (reduced chisquare) = WSSR/ndf   : 0.0908971

Final set of parameters            Asymptotic Standard Error
=======================            ==========================
E               = 4.25894          +/- 0.1157       (2.716%)
F               = 5.83517          +/- 0.03077      (0.5273%)

correlation matrix of the fit parameters:
                E      F      
E               1.000 
F               0.925  1.000 
