

*******************************************************************************
Mon Jan  6 13:58:47 2025


FIT:    data read from "error.txt" u 1:2
        format = x:z
        x range restricted to [-3.00000 : -1.50000]
        #datapoints = 15
        residuals are weighted equally (unit weight)

function used for fitting: a(x)
	a(x) = A1 + A2*x
fitted parameters initialized with current variable values

iter      chisq       delta/lim  lambda   A1            A2           
   0 1.1286097765e+02   0.00e+00  1.75e+00    1.000000e+00   1.000000e+00
   4 4.6097761905e-07  -2.72e-01  1.75e-04    5.193575e-01   2.000561e+00

After 4 iterations the fit converged.
final sum of squares of residuals : 4.60978e-07
rel. change during last iteration : -2.71887e-06

degrees of freedom    (FIT_NDF)                        : 13
rms of residuals      (FIT_STDFIT) = sqrt(WSSR/ndf)    : 0.000188308
variance of residuals (reduced chisquare) = WSSR/ndf   : 3.54598e-08

Final set of parameters            Asymptotic Standard Error
=======================            ==========================
A1              = 0.519358         +/- 0.0002634    (0.05071%)
A2              = 2.00056          +/- 0.0001161    (0.005805%)

correlation matrix of the fit parameters:
                A1     A2     
A1              1.000 
A2              0.983  1.000 


*******************************************************************************
Mon Jan  6 13:58:47 2025


FIT:    data read from "error.txt" u 1:3
        format = x:z
        x range restricted to [-3.00000 : -1.50000]
        #datapoints = 15
        residuals are weighted equally (unit weight)

function used for fitting: b(x)
	b(x) = B1 + B2*x
fitted parameters initialized with current variable values

iter      chisq       delta/lim  lambda   B1            B2           
   0 1.1743150354e+00   0.00e+00  1.75e+00    1.000000e+00   1.000000e+00
   4 4.1297227902e-04  -2.01e-02  1.75e-04    6.506344e-01   9.686289e-01

After 4 iterations the fit converged.
final sum of squares of residuals : 0.000412972
rel. change during last iteration : -2.00951e-07

degrees of freedom    (FIT_NDF)                        : 13
rms of residuals      (FIT_STDFIT) = sqrt(WSSR/ndf)    : 0.00563623
variance of residuals (reduced chisquare) = WSSR/ndf   : 3.17671e-05

Final set of parameters            Asymptotic Standard Error
=======================            ==========================
B1              = 0.650634         +/- 0.007883     (1.212%)
B2              = 0.968629         +/- 0.003476     (0.3588%)

correlation matrix of the fit parameters:
                B1     B2     
B1              1.000 
B2              0.983  1.000 


*******************************************************************************
Mon Jan  6 13:58:47 2025


FIT:    data read from "error.txt" u 1:4
        format = x:z
        x range restricted to [-3.00000 : -1.50000]
        #datapoints = 15
        residuals are weighted equally (unit weight)

function used for fitting: c(x)
	c(x) = C1 + C2*x
fitted parameters initialized with current variable values

iter      chisq       delta/lim  lambda   C1            C2           
   0 9.1241876709e-01   0.00e+00  1.75e+00    1.000000e+00   1.000000e+00
   4 5.4776084853e-04  -2.79e-03  1.75e-04    8.295372e-01   1.033956e+00

After 4 iterations the fit converged.
final sum of squares of residuals : 0.000547761
rel. change during last iteration : -2.7855e-08

degrees of freedom    (FIT_NDF)                        : 13
rms of residuals      (FIT_STDFIT) = sqrt(WSSR/ndf)    : 0.00649118
variance of residuals (reduced chisquare) = WSSR/ndf   : 4.21354e-05

Final set of parameters            Asymptotic Standard Error
=======================            ==========================
C1              = 0.829537         +/- 0.009078     (1.094%)
C2              = 1.03396          +/- 0.004003     (0.3871%)

correlation matrix of the fit parameters:
                C1     C2     
C1              1.000 
C2              0.983  1.000 


*******************************************************************************
Mon Jan  6 13:58:47 2025


FIT:    data read from "error.txt" u 1:5
        format = x:z
        x range restricted to [-3.00000 : -1.50000]
        #datapoints = 15
        residuals are weighted equally (unit weight)

function used for fitting: d(x)
	d(x) = D1 + D2*x
fitted parameters initialized with current variable values

iter      chisq       delta/lim  lambda   D1            D2           
   0 6.4197091962e+01   0.00e+00  1.75e+00    1.000000e+00   1.000000e+00
   5 7.1558644048e-06  -1.76e-08  1.75e-05    1.208402e+00   2.002344e+00

After 5 iterations the fit converged.
final sum of squares of residuals : 7.15586e-06
rel. change during last iteration : -1.76015e-13

degrees of freedom    (FIT_NDF)                        : 13
rms of residuals      (FIT_STDFIT) = sqrt(WSSR/ndf)    : 0.000741924
variance of residuals (reduced chisquare) = WSSR/ndf   : 5.50451e-07

Final set of parameters            Asymptotic Standard Error
=======================            ==========================
D1              = 1.2084           +/- 0.001038     (0.08587%)
D2              = 2.00234          +/- 0.0004575    (0.02285%)

correlation matrix of the fit parameters:
                D1     D2     
D1              1.000 
D2              0.983  1.000 


*******************************************************************************
Mon Jan  6 13:58:47 2025


FIT:    data read from "error.txt" u 1:6
        format = x:z
        x range restricted to [-3.00000 : -1.50000]
        #datapoints = 15
        residuals are weighted equally (unit weight)

function used for fitting: e(x)
	e(x) = E1 + E2*x
fitted parameters initialized with current variable values

iter      chisq       delta/lim  lambda   E1            E2           
   0 9.7663557170e-03   0.00e+00  1.75e+00    1.000000e+00   1.000000e+00
   4 1.1554109738e-03  -9.68e-04  1.75e-04    8.899567e-01   9.467119e-01

After 4 iterations the fit converged.
final sum of squares of residuals : 0.00115541
rel. change during last iteration : -9.67851e-09

degrees of freedom    (FIT_NDF)                        : 13
rms of residuals      (FIT_STDFIT) = sqrt(WSSR/ndf)    : 0.0094275
variance of residuals (reduced chisquare) = WSSR/ndf   : 8.88778e-05

Final set of parameters            Asymptotic Standard Error
=======================            ==========================
E1              = 0.889957         +/- 0.01318      (1.482%)
E2              = 0.946712         +/- 0.005814     (0.6141%)

correlation matrix of the fit parameters:
                E1     E2     
E1              1.000 
E2              0.983  1.000 


*******************************************************************************
Mon Jan  6 13:58:47 2025


FIT:    data read from "error.txt" u 1:7
        format = x:z
        x range restricted to [-3.00000 : -1.50000]
        #datapoints = 15
        residuals are weighted equally (unit weight)

function used for fitting: f(x)
	f(f) = F1 + F2*x
fitted parameters initialized with current variable values



*******************************************************************************
Mon Jan  6 13:59:15 2025


FIT:    data read from "error.txt" u 1:2
        format = x:z
        x range restricted to [-3.00000 : -1.50000]
        #datapoints = 15
        residuals are weighted equally (unit weight)

function used for fitting: a(x)
	a(x) = A1 + A2*x
fitted parameters initialized with current variable values

iter      chisq       delta/lim  lambda   A1            A2           
   0 1.1286097765e+02   0.00e+00  1.75e+00    1.000000e+00   1.000000e+00
   4 4.6097761905e-07  -2.72e-01  1.75e-04    5.193575e-01   2.000561e+00

After 4 iterations the fit converged.
final sum of squares of residuals : 4.60978e-07
rel. change during last iteration : -2.71887e-06

degrees of freedom    (FIT_NDF)                        : 13
rms of residuals      (FIT_STDFIT) = sqrt(WSSR/ndf)    : 0.000188308
variance of residuals (reduced chisquare) = WSSR/ndf   : 3.54598e-08

Final set of parameters            Asymptotic Standard Error
=======================            ==========================
A1              = 0.519358         +/- 0.0002634    (0.05071%)
A2              = 2.00056          +/- 0.0001161    (0.005805%)

correlation matrix of the fit parameters:
                A1     A2     
A1              1.000 
A2              0.983  1.000 


*******************************************************************************
Mon Jan  6 13:59:15 2025


FIT:    data read from "error.txt" u 1:3
        format = x:z
        x range restricted to [-3.00000 : -1.50000]
        #datapoints = 15
        residuals are weighted equally (unit weight)

function used for fitting: b(x)
	b(x) = B1 + B2*x
fitted parameters initialized with current variable values

iter      chisq       delta/lim  lambda   B1            B2           
   0 1.1743150354e+00   0.00e+00  1.75e+00    1.000000e+00   1.000000e+00
   4 4.1297227902e-04  -2.01e-02  1.75e-04    6.506344e-01   9.686289e-01

After 4 iterations the fit converged.
final sum of squares of residuals : 0.000412972
rel. change during last iteration : -2.00951e-07

degrees of freedom    (FIT_NDF)                        : 13
rms of residuals      (FIT_STDFIT) = sqrt(WSSR/ndf)    : 0.00563623
variance of residuals (reduced chisquare) = WSSR/ndf   : 3.17671e-05

Final set of parameters            Asymptotic Standard Error
=======================            ==========================
B1              = 0.650634         +/- 0.007883     (1.212%)
B2              = 0.968629         +/- 0.003476     (0.3588%)

correlation matrix of the fit parameters:
                B1     B2     
B1              1.000 
B2              0.983  1.000 


*******************************************************************************
Mon Jan  6 13:59:15 2025


FIT:    data read from "error.txt" u 1:4
        format = x:z
        x range restricted to [-3.00000 : -1.50000]
        #datapoints = 15
        residuals are weighted equally (unit weight)

function used for fitting: c(x)
	c(x) = C1 + C2*x
fitted parameters initialized with current variable values

iter      chisq       delta/lim  lambda   C1            C2           
   0 9.1241876709e-01   0.00e+00  1.75e+00    1.000000e+00   1.000000e+00
   4 5.4776084853e-04  -2.79e-03  1.75e-04    8.295372e-01   1.033956e+00

After 4 iterations the fit converged.
final sum of squares of residuals : 0.000547761
rel. change during last iteration : -2.7855e-08

degrees of freedom    (FIT_NDF)                        : 13
rms of residuals      (FIT_STDFIT) = sqrt(WSSR/ndf)    : 0.00649118
variance of residuals (reduced chisquare) = WSSR/ndf   : 4.21354e-05

Final set of parameters            Asymptotic Standard Error
=======================            ==========================
C1              = 0.829537         +/- 0.009078     (1.094%)
C2              = 1.03396          +/- 0.004003     (0.3871%)

correlation matrix of the fit parameters:
                C1     C2     
C1              1.000 
C2              0.983  1.000 


*******************************************************************************
Mon Jan  6 13:59:15 2025


FIT:    data read from "error.txt" u 1:5
        format = x:z
        x range restricted to [-3.00000 : -1.50000]
        #datapoints = 15
        residuals are weighted equally (unit weight)

function used for fitting: d(x)
	d(x) = D1 + D2*x
fitted parameters initialized with current variable values

iter      chisq       delta/lim  lambda   D1            D2           
   0 6.4197091962e+01   0.00e+00  1.75e+00    1.000000e+00   1.000000e+00
   5 7.1558644048e-06  -1.76e-08  1.75e-05    1.208402e+00   2.002344e+00

After 5 iterations the fit converged.
final sum of squares of residuals : 7.15586e-06
rel. change during last iteration : -1.76015e-13

degrees of freedom    (FIT_NDF)                        : 13
rms of residuals      (FIT_STDFIT) = sqrt(WSSR/ndf)    : 0.000741924
variance of residuals (reduced chisquare) = WSSR/ndf   : 5.50451e-07

Final set of parameters            Asymptotic Standard Error
=======================            ==========================
D1              = 1.2084           +/- 0.001038     (0.08587%)
D2              = 2.00234          +/- 0.0004575    (0.02285%)

correlation matrix of the fit parameters:
                D1     D2     
D1              1.000 
D2              0.983  1.000 


*******************************************************************************
Mon Jan  6 13:59:15 2025


FIT:    data read from "error.txt" u 1:6
        format = x:z
        x range restricted to [-3.00000 : -1.50000]
        #datapoints = 15
        residuals are weighted equally (unit weight)

function used for fitting: e(x)
	e(x) = E1 + E2*x
fitted parameters initialized with current variable values

iter      chisq       delta/lim  lambda   E1            E2           
   0 9.7663557170e-03   0.00e+00  1.75e+00    1.000000e+00   1.000000e+00
   4 1.1554109738e-03  -9.68e-04  1.75e-04    8.899567e-01   9.467119e-01

After 4 iterations the fit converged.
final sum of squares of residuals : 0.00115541
rel. change during last iteration : -9.67851e-09

degrees of freedom    (FIT_NDF)                        : 13
rms of residuals      (FIT_STDFIT) = sqrt(WSSR/ndf)    : 0.0094275
variance of residuals (reduced chisquare) = WSSR/ndf   : 8.88778e-05

Final set of parameters            Asymptotic Standard Error
=======================            ==========================
E1              = 0.889957         +/- 0.01318      (1.482%)
E2              = 0.946712         +/- 0.005814     (0.6141%)

correlation matrix of the fit parameters:
                E1     E2     
E1              1.000 
E2              0.983  1.000 


*******************************************************************************
Mon Jan  6 13:59:15 2025


FIT:    data read from "error.txt" u 1:7
        format = x:z
        x range restricted to [-3.00000 : -1.50000]
        #datapoints = 15
        residuals are weighted equally (unit weight)

function used for fitting: f(x)
	f(x) = F1 + F2*x
fitted parameters initialized with current variable values

iter      chisq       delta/lim  lambda   F1            F2           
   0 7.7625184061e-02   0.00e+00  1.75e+00    1.000000e+00   1.000000e+00
   4 1.7802015853e-03  -1.82e-03  1.75e-04    1.200607e+00   1.060168e+00

After 4 iterations the fit converged.
final sum of squares of residuals : 0.0017802
rel. change during last iteration : -1.81983e-08

degrees of freedom    (FIT_NDF)                        : 13
rms of residuals      (FIT_STDFIT) = sqrt(WSSR/ndf)    : 0.0117021
variance of residuals (reduced chisquare) = WSSR/ndf   : 0.000136939

Final set of parameters            Asymptotic Standard Error
=======================            ==========================
F1              = 1.20061          +/- 0.01637      (1.363%)
F2              = 1.06017          +/- 0.007216     (0.6807%)

correlation matrix of the fit parameters:
                F1     F2     
F1              1.000 
F2              0.983  1.000 


*******************************************************************************
Mon Jan  6 13:59:42 2025


FIT:    data read from "error.txt" u 1:2
        format = x:z
        x range restricted to [-3.00000 : -1.50000]
        #datapoints = 15
        residuals are weighted equally (unit weight)

function used for fitting: a(x)
	a(x) = A1 + A2*x
fitted parameters initialized with current variable values

iter      chisq       delta/lim  lambda   A1            A2           
   0 1.1286097765e+02   0.00e+00  1.75e+00    1.000000e+00   1.000000e+00
   4 4.6097761905e-07  -2.72e-01  1.75e-04    5.193575e-01   2.000561e+00

After 4 iterations the fit converged.
final sum of squares of residuals : 4.60978e-07
rel. change during last iteration : -2.71887e-06

degrees of freedom    (FIT_NDF)                        : 13
rms of residuals      (FIT_STDFIT) = sqrt(WSSR/ndf)    : 0.000188308
variance of residuals (reduced chisquare) = WSSR/ndf   : 3.54598e-08

Final set of parameters            Asymptotic Standard Error
=======================            ==========================
A1              = 0.519358         +/- 0.0002634    (0.05071%)
A2              = 2.00056          +/- 0.0001161    (0.005805%)

correlation matrix of the fit parameters:
                A1     A2     
A1              1.000 
A2              0.983  1.000 


*******************************************************************************
Mon Jan  6 13:59:42 2025


FIT:    data read from "error.txt" u 1:3
        format = x:z
        x range restricted to [-3.00000 : -1.50000]
        #datapoints = 15
        residuals are weighted equally (unit weight)

function used for fitting: b(x)
	b(x) = B1 + B2*x
fitted parameters initialized with current variable values

iter      chisq       delta/lim  lambda   B1            B2           
   0 1.1743150354e+00   0.00e+00  1.75e+00    1.000000e+00   1.000000e+00
   4 4.1297227902e-04  -2.01e-02  1.75e-04    6.506344e-01   9.686289e-01

After 4 iterations the fit converged.
final sum of squares of residuals : 0.000412972
rel. change during last iteration : -2.00951e-07

degrees of freedom    (FIT_NDF)                        : 13
rms of residuals      (FIT_STDFIT) = sqrt(WSSR/ndf)    : 0.00563623
variance of residuals (reduced chisquare) = WSSR/ndf   : 3.17671e-05

Final set of parameters            Asymptotic Standard Error
=======================            ==========================
B1              = 0.650634         +/- 0.007883     (1.212%)
B2              = 0.968629         +/- 0.003476     (0.3588%)

correlation matrix of the fit parameters:
                B1     B2     
B1              1.000 
B2              0.983  1.000 


*******************************************************************************
Mon Jan  6 13:59:42 2025


FIT:    data read from "error.txt" u 1:4
        format = x:z
        x range restricted to [-3.00000 : -1.50000]
        #datapoints = 15
        residuals are weighted equally (unit weight)

function used for fitting: c(x)
	c(x) = C1 + C2*x
fitted parameters initialized with current variable values

iter      chisq       delta/lim  lambda   C1            C2           
   0 9.1241876709e-01   0.00e+00  1.75e+00    1.000000e+00   1.000000e+00
   4 5.4776084853e-04  -2.79e-03  1.75e-04    8.295372e-01   1.033956e+00

After 4 iterations the fit converged.
final sum of squares of residuals : 0.000547761
rel. change during last iteration : -2.7855e-08

degrees of freedom    (FIT_NDF)                        : 13
rms of residuals      (FIT_STDFIT) = sqrt(WSSR/ndf)    : 0.00649118
variance of residuals (reduced chisquare) = WSSR/ndf   : 4.21354e-05

Final set of parameters            Asymptotic Standard Error
=======================            ==========================
C1              = 0.829537         +/- 0.009078     (1.094%)
C2              = 1.03396          +/- 0.004003     (0.3871%)

correlation matrix of the fit parameters:
                C1     C2     
C1              1.000 
C2              0.983  1.000 


*******************************************************************************
Mon Jan  6 13:59:42 2025


FIT:    data read from "error.txt" u 1:5
        format = x:z
        x range restricted to [-3.00000 : -1.50000]
        #datapoints = 15
        residuals are weighted equally (unit weight)

function used for fitting: d(x)
	d(x) = D1 + D2*x
fitted parameters initialized with current variable values

iter      chisq       delta/lim  lambda   D1            D2           
   0 6.4197091962e+01   0.00e+00  1.75e+00    1.000000e+00   1.000000e+00
   5 7.1558644048e-06  -1.76e-08  1.75e-05    1.208402e+00   2.002344e+00

After 5 iterations the fit converged.
final sum of squares of residuals : 7.15586e-06
rel. change during last iteration : -1.76015e-13

degrees of freedom    (FIT_NDF)                        : 13
rms of residuals      (FIT_STDFIT) = sqrt(WSSR/ndf)    : 0.000741924
variance of residuals (reduced chisquare) = WSSR/ndf   : 5.50451e-07

Final set of parameters            Asymptotic Standard Error
=======================            ==========================
D1              = 1.2084           +/- 0.001038     (0.08587%)
D2              = 2.00234          +/- 0.0004575    (0.02285%)

correlation matrix of the fit parameters:
                D1     D2     
D1              1.000 
D2              0.983  1.000 


*******************************************************************************
Mon Jan  6 13:59:42 2025


FIT:    data read from "error.txt" u 1:6
        format = x:z
        x range restricted to [-3.00000 : -1.50000]
        #datapoints = 15
        residuals are weighted equally (unit weight)

function used for fitting: e(x)
	e(x) = E1 + E2*x
fitted parameters initialized with current variable values

iter      chisq       delta/lim  lambda   E1            E2           
   0 9.7663557170e-03   0.00e+00  1.75e+00    1.000000e+00   1.000000e+00
   4 1.1554109738e-03  -9.68e-04  1.75e-04    8.899567e-01   9.467119e-01

After 4 iterations the fit converged.
final sum of squares of residuals : 0.00115541
rel. change during last iteration : -9.67851e-09

degrees of freedom    (FIT_NDF)                        : 13
rms of residuals      (FIT_STDFIT) = sqrt(WSSR/ndf)    : 0.0094275
variance of residuals (reduced chisquare) = WSSR/ndf   : 8.88778e-05

Final set of parameters            Asymptotic Standard Error
=======================            ==========================
E1              = 0.889957         +/- 0.01318      (1.482%)
E2              = 0.946712         +/- 0.005814     (0.6141%)

correlation matrix of the fit parameters:
                E1     E2     
E1              1.000 
E2              0.983  1.000 


*******************************************************************************
Mon Jan  6 13:59:42 2025


FIT:    data read from "error.txt" u 1:7
        format = x:z
        x range restricted to [-3.00000 : -1.50000]
        #datapoints = 15
        residuals are weighted equally (unit weight)

function used for fitting: f(x)
	f(x) = F1 + F2*x
fitted parameters initialized with current variable values

iter      chisq       delta/lim  lambda   F1            F2           
   0 7.7625184061e-02   0.00e+00  1.75e+00    1.000000e+00   1.000000e+00
   4 1.7802015853e-03  -1.82e-03  1.75e-04    1.200607e+00   1.060168e+00

After 4 iterations the fit converged.
final sum of squares of residuals : 0.0017802
rel. change during last iteration : -1.81983e-08

degrees of freedom    (FIT_NDF)                        : 13
rms of residuals      (FIT_STDFIT) = sqrt(WSSR/ndf)    : 0.0117021
variance of residuals (reduced chisquare) = WSSR/ndf   : 0.000136939

Final set of parameters            Asymptotic Standard Error
=======================            ==========================
F1              = 1.20061          +/- 0.01637      (1.363%)
F2              = 1.06017          +/- 0.007216     (0.6807%)

correlation matrix of the fit parameters:
                F1     F2     
F1              1.000 
F2              0.983  1.000 


*******************************************************************************
Mon Jan  6 14:00:08 2025


FIT:    data read from "error.txt" u 1:2
        format = x:z
        x range restricted to [-3.00000 : -1.50000]
        #datapoints = 15
        residuals are weighted equally (unit weight)

function used for fitting: a(x)
	a(x) = A1 + A2*x
fitted parameters initialized with current variable values

iter      chisq       delta/lim  lambda   A1            A2           
   0 1.1286097765e+02   0.00e+00  1.75e+00    1.000000e+00   1.000000e+00
   4 4.6097761905e-07  -2.72e-01  1.75e-04    5.193575e-01   2.000561e+00

After 4 iterations the fit converged.
final sum of squares of residuals : 4.60978e-07
rel. change during last iteration : -2.71887e-06

degrees of freedom    (FIT_NDF)                        : 13
rms of residuals      (FIT_STDFIT) = sqrt(WSSR/ndf)    : 0.000188308
variance of residuals (reduced chisquare) = WSSR/ndf   : 3.54598e-08

Final set of parameters            Asymptotic Standard Error
=======================            ==========================
A1              = 0.519358         +/- 0.0002634    (0.05071%)
A2              = 2.00056          +/- 0.0001161    (0.005805%)

correlation matrix of the fit parameters:
                A1     A2     
A1              1.000 
A2              0.983  1.000 


*******************************************************************************
Mon Jan  6 14:00:08 2025


FIT:    data read from "error.txt" u 1:3
        format = x:z
        x range restricted to [-3.00000 : -1.50000]
        #datapoints = 15
        residuals are weighted equally (unit weight)

function used for fitting: b(x)
	b(x) = B1 + B2*x
fitted parameters initialized with current variable values

iter      chisq       delta/lim  lambda   B1            B2           
   0 1.1743150354e+00   0.00e+00  1.75e+00    1.000000e+00   1.000000e+00
   4 4.1297227902e-04  -2.01e-02  1.75e-04    6.506344e-01   9.686289e-01

After 4 iterations the fit converged.
final sum of squares of residuals : 0.000412972
rel. change during last iteration : -2.00951e-07

degrees of freedom    (FIT_NDF)                        : 13
rms of residuals      (FIT_STDFIT) = sqrt(WSSR/ndf)    : 0.00563623
variance of residuals (reduced chisquare) = WSSR/ndf   : 3.17671e-05

Final set of parameters            Asymptotic Standard Error
=======================            ==========================
B1              = 0.650634         +/- 0.007883     (1.212%)
B2              = 0.968629         +/- 0.003476     (0.3588%)

correlation matrix of the fit parameters:
                B1     B2     
B1              1.000 
B2              0.983  1.000 


*******************************************************************************
Mon Jan  6 14:00:08 2025


FIT:    data read from "error.txt" u 1:4
        format = x:z
        x range restricted to [-3.00000 : -1.50000]
        #datapoints = 15
        residuals are weighted equally (unit weight)

function used for fitting: c(x)
	c(x) = C1 + C2*x
fitted parameters initialized with current variable values

iter      chisq       delta/lim  lambda   C1            C2           
   0 9.1241876709e-01   0.00e+00  1.75e+00    1.000000e+00   1.000000e+00
   4 5.4776084853e-04  -2.79e-03  1.75e-04    8.295372e-01   1.033956e+00

After 4 iterations the fit converged.
final sum of squares of residuals : 0.000547761
rel. change during last iteration : -2.7855e-08

degrees of freedom    (FIT_NDF)                        : 13
rms of residuals      (FIT_STDFIT) = sqrt(WSSR/ndf)    : 0.00649118
variance of residuals (reduced chisquare) = WSSR/ndf   : 4.21354e-05

Final set of parameters            Asymptotic Standard Error
=======================            ==========================
C1              = 0.829537         +/- 0.009078     (1.094%)
C2              = 1.03396          +/- 0.004003     (0.3871%)

correlation matrix of the fit parameters:
                C1     C2     
C1              1.000 
C2              0.983  1.000 


*******************************************************************************
Mon Jan  6 14:00:08 2025


FIT:    data read from "error.txt" u 1:5
        format = x:z
        x range restricted to [-3.00000 : -1.50000]
        #datapoints = 15
        residuals are weighted equally (unit weight)

function used for fitting: d(x)
	d(x) = D1 + D2*x
fitted parameters initialized with current variable values

iter      chisq       delta/lim  lambda   D1            D2           
   0 6.4197091962e+01   0.00e+00  1.75e+00    1.000000e+00   1.000000e+00
   5 7.1558644048e-06  -1.76e-08  1.75e-05    1.208402e+00   2.002344e+00

After 5 iterations the fit converged.
final sum of squares of residuals : 7.15586e-06
rel. change during last iteration : -1.76015e-13

degrees of freedom    (FIT_NDF)                        : 13
rms of residuals      (FIT_STDFIT) = sqrt(WSSR/ndf)    : 0.000741924
variance of residuals (reduced chisquare) = WSSR/ndf   : 5.50451e-07

Final set of parameters            Asymptotic Standard Error
=======================            ==========================
D1              = 1.2084           +/- 0.001038     (0.08587%)
D2              = 2.00234          +/- 0.0004575    (0.02285%)

correlation matrix of the fit parameters:
                D1     D2     
D1              1.000 
D2              0.983  1.000 


*******************************************************************************
Mon Jan  6 14:00:08 2025


FIT:    data read from "error.txt" u 1:6
        format = x:z
        x range restricted to [-3.00000 : -1.50000]
        #datapoints = 15
        residuals are weighted equally (unit weight)

function used for fitting: e(x)
	e(x) = E1 + E2*x
fitted parameters initialized with current variable values

iter      chisq       delta/lim  lambda   E1            E2           
   0 9.7663557170e-03   0.00e+00  1.75e+00    1.000000e+00   1.000000e+00
   4 1.1554109738e-03  -9.68e-04  1.75e-04    8.899567e-01   9.467119e-01

After 4 iterations the fit converged.
final sum of squares of residuals : 0.00115541
rel. change during last iteration : -9.67851e-09

degrees of freedom    (FIT_NDF)                        : 13
rms of residuals      (FIT_STDFIT) = sqrt(WSSR/ndf)    : 0.0094275
variance of residuals (reduced chisquare) = WSSR/ndf   : 8.88778e-05

Final set of parameters            Asymptotic Standard Error
=======================            ==========================
E1              = 0.889957         +/- 0.01318      (1.482%)
E2              = 0.946712         +/- 0.005814     (0.6141%)

correlation matrix of the fit parameters:
                E1     E2     
E1              1.000 
E2              0.983  1.000 


*******************************************************************************
Mon Jan  6 14:00:08 2025


FIT:    data read from "error.txt" u 1:7
        format = x:z
        x range restricted to [-3.00000 : -1.50000]
        #datapoints = 15
        residuals are weighted equally (unit weight)

function used for fitting: f(x)
	f(x) = F1 + F2*x
fitted parameters initialized with current variable values

iter      chisq       delta/lim  lambda   F1            F2           
   0 7.7625184061e-02   0.00e+00  1.75e+00    1.000000e+00   1.000000e+00
   4 1.7802015853e-03  -1.82e-03  1.75e-04    1.200607e+00   1.060168e+00

After 4 iterations the fit converged.
final sum of squares of residuals : 0.0017802
rel. change during last iteration : -1.81983e-08

degrees of freedom    (FIT_NDF)                        : 13
rms of residuals      (FIT_STDFIT) = sqrt(WSSR/ndf)    : 0.0117021
variance of residuals (reduced chisquare) = WSSR/ndf   : 0.000136939

Final set of parameters            Asymptotic Standard Error
=======================            ==========================
F1              = 1.20061          +/- 0.01637      (1.363%)
F2              = 1.06017          +/- 0.007216     (0.6807%)

correlation matrix of the fit parameters:
                F1     F2     
F1              1.000 
F2              0.983  1.000 
